<?xml version="1.0" encoding="UTF-8"?>
<testng-results ignored="0" total="1" passed="1" failed="0" skipped="0">
  <reporter-output>
  </reporter-output>
  <suite started-at="2024-11-04T16:38:37 IST" name="Default suite" finished-at="2024-11-04T16:39:35 IST" duration-ms="57601">
    <groups>
    </groups>
    <test started-at="2024-11-04T16:38:37 IST" name="Default test" finished-at="2024-11-04T16:39:35 IST" duration-ms="57601">
      <class name="testpackage.AddToCartTest">
        <test-method is-config="true" signature="launchAndroidApp()[pri:0, instance:testpackage.AddToCartTest@13c9d689]" started-at="2024-11-04T16:38:37 IST" name="launchAndroidApp" finished-at="2024-11-04T16:38:53 IST" duration-ms="15303" status="PASS">
          <reporter-output>
          </reporter-output>
        </test-method> <!-- launchAndroidApp -->
        <test-method signature="verifyAddToCartTest()[pri:0, instance:testpackage.AddToCartTest@13c9d689]" started-at="2024-11-04T16:38:53 IST" name="verifyAddToCartTest" finished-at="2024-11-04T16:39:35 IST" duration-ms="42206" status="PASS">
          <reporter-output>
          </reporter-output>
        </test-method> <!-- verifyAddToCartTest -->
      </class> <!-- testpackage.AddToCartTest -->
    </test> <!-- Default test -->
  </suite> <!-- Default suite -->
</testng-results>
